Configurando el servidor del ambiente desarrollo
Inicializando el servicio en el ambiente desarrollo exponiendo en el puerto 3000
Hay un error en el metodo insertarPais():  Error: ER_DATA_TOO_LONG: Data too long for column 'sortname' at row 1
[0mPOST /paises [32m200[0m 31.824 ms - 93[0m
[0mPOST /paises [32m200[0m 6.406 ms - 173[0m
Error: Packets out of order. Got: 0 Expected: 2
    at Parser._tryReadPacketHeader (/Users/guille/SENA/claseNode/ms-geo/node_modules/mysql/lib/protocol/Parser.js:470:15)
    at Parser.write (/Users/guille/SENA/claseNode/ms-geo/node_modules/mysql/lib/protocol/Parser.js:33:29)
    at Protocol.write (/Users/guille/SENA/claseNode/ms-geo/node_modules/mysql/lib/protocol/Protocol.js:38:16)
    at Socket.<anonymous> (/Users/guille/SENA/claseNode/ms-geo/node_modules/mysql/lib/Connection.js:88:28)
    at Socket.<anonymous> (/Users/guille/SENA/claseNode/ms-geo/node_modules/mysql/lib/Connection.js:526:10)
    at Socket.emit (events.js:315:20)
    at addChunk (_stream_readable.js:309:12)
    at readableAddChunk (_stream_readable.js:284:9)
    at Socket.Readable.push (_stream_readable.js:223:10)
    at TCP.onStreamRead (internal/stream_base_commons.js:188:23) {
  code: 'PROTOCOL_PACKETS_OUT_OF_ORDER',
  fatal: true
}
Configurando el servidor del ambiente desarrollo
Inicializando el servicio en el ambiente desarrollo exponiendo en el puerto 3000
